Many modules are hidden in this stack. Use "module --show_hidden spider SOFTWARE" if you are not able to find the required software
srun: Job 12841501 step creation temporarily disabled, retrying (Requested nodes are busy)
srun: Job 12841501 step creation still disabled, retrying (Requested nodes are busy)
srun: Job 12841501 step creation still disabled, retrying (Requested nodes are busy)
srun: Job 12841501 step creation still disabled, retrying (Requested nodes are busy)
srun: Job 12841501 step creation still disabled, retrying (Requested nodes are busy)
srun: Job 12841501 step creation still disabled, retrying (Requested nodes are busy)
srun: Job 12841501 step creation still disabled, retrying (Requested nodes are busy)
srun: Job 12841501 step creation still disabled, retrying (Requested nodes are busy)
srun: Job 12841501 step creation still disabled, retrying (Requested nodes are busy)
srun: Job 12841501 step creation still disabled, retrying (Requested nodes are busy)
srun: Job 12841501 step creation still disabled, retrying (Requested nodes are busy)
srun: Job 12841501 step creation still disabled, retrying (Requested nodes are busy)
srun: Job 12841501 step creation still disabled, retrying (Requested nodes are busy)
srun: Job 12841501 step creation still disabled, retrying (Requested nodes are busy)
srun: Job 12841501 step creation still disabled, retrying (Requested nodes are busy)
srun: Job 12841501 step creation still disabled, retrying (Requested nodes are busy)
srun: Job 12841501 step creation still disabled, retrying (Requested nodes are busy)
srun: Job 12841501 step creation still disabled, retrying (Requested nodes are busy)
srun: Job 12841501 step creation still disabled, retrying (Requested nodes are busy)
srun: Job 12841501 step creation still disabled, retrying (Requested nodes are busy)
srun: Job 12841501 step creation still disabled, retrying (Requested nodes are busy)
srun: Job 12841501 step creation still disabled, retrying (Requested nodes are busy)
srun: Job 12841501 step creation still disabled, retrying (Requested nodes are busy)
srun: Job 12841501 step creation still disabled, retrying (Requested nodes are busy)
srun: Job 12841501 step creation still disabled, retrying (Requested nodes are busy)
srun: Job 12841501 step creation still disabled, retrying (Requested nodes are busy)
srun: Job 12841501 step creation still disabled, retrying (Requested nodes are busy)
srun: Job 12841501 step creation still disabled, retrying (Requested nodes are busy)
srun: Job 12841501 step creation still disabled, retrying (Requested nodes are busy)
srun: Job 12841501 step creation still disabled, retrying (Requested nodes are busy)
srun: Job 12841501 step creation still disabled, retrying (Requested nodes are busy)
srun: Job 12841501 step creation still disabled, retrying (Requested nodes are busy)
srun: Job 12841501 step creation still disabled, retrying (Requested nodes are busy)
srun: Job 12841501 step creation still disabled, retrying (Requested nodes are busy)
srun: Job 12841501 step creation still disabled, retrying (Requested nodes are busy)
srun: Job 12841501 step creation still disabled, retrying (Requested nodes are busy)
srun: Job 12841501 step creation still disabled, retrying (Requested nodes are busy)
srun: Job 12841501 step creation still disabled, retrying (Requested nodes are busy)
srun: Job 12841501 step creation still disabled, retrying (Requested nodes are busy)
srun: Job 12841501 step creation still disabled, retrying (Requested nodes are busy)
srun: Job 12841501 step creation still disabled, retrying (Requested nodes are busy)
srun: Job 12841501 step creation still disabled, retrying (Requested nodes are busy)
srun: Job 12841501 step creation still disabled, retrying (Requested nodes are busy)
srun: Job 12841501 step creation still disabled, retrying (Requested nodes are busy)
srun: Job 12841501 step creation still disabled, retrying (Requested nodes are busy)
srun: Job 12841501 step creation still disabled, retrying (Requested nodes are busy)
srun: Job 12841501 step creation still disabled, retrying (Requested nodes are busy)
srun: Job 12841501 step creation still disabled, retrying (Requested nodes are busy)
srun: Job 12841501 step creation still disabled, retrying (Requested nodes are busy)
srun: Job 12841501 step creation still disabled, retrying (Requested nodes are busy)
srun: Job 12841501 step creation still disabled, retrying (Requested nodes are busy)
srun: Job 12841501 step creation still disabled, retrying (Requested nodes are busy)
srun: Job 12841501 step creation still disabled, retrying (Requested nodes are busy)
srun: Job 12841501 step creation still disabled, retrying (Requested nodes are busy)
srun: Job 12841501 step creation still disabled, retrying (Requested nodes are busy)
srun: Job 12841501 step creation still disabled, retrying (Requested nodes are busy)
srun: Job 12841501 step creation still disabled, retrying (Requested nodes are busy)
srun: Job 12841501 step creation still disabled, retrying (Requested nodes are busy)
srun: Job 12841501 step creation still disabled, retrying (Requested nodes are busy)
srun: Job 12841501 step creation still disabled, retrying (Requested nodes are busy)
srun: Job 12841501 step creation still disabled, retrying (Requested nodes are busy)
srun: Job 12841501 step creation still disabled, retrying (Requested nodes are busy)
srun: Job 12841501 step creation still disabled, retrying (Requested nodes are busy)
srun: Job 12841501 step creation still disabled, retrying (Requested nodes are busy)
srun: Job 12841501 step creation still disabled, retrying (Requested nodes are busy)
srun: Job 12841501 step creation still disabled, retrying (Requested nodes are busy)
srun: Job 12841501 step creation still disabled, retrying (Requested nodes are busy)
srun: Job 12841501 step creation still disabled, retrying (Requested nodes are busy)
srun: Job 12841501 step creation still disabled, retrying (Requested nodes are busy)
srun: Job 12841501 step creation still disabled, retrying (Requested nodes are busy)
srun: Job 12841501 step creation still disabled, retrying (Requested nodes are busy)
srun: Job 12841501 step creation still disabled, retrying (Requested nodes are busy)
srun: Job 12841501 step creation still disabled, retrying (Requested nodes are busy)
srun: Job 12841501 step creation still disabled, retrying (Requested nodes are busy)
srun: Job 12841501 step creation still disabled, retrying (Requested nodes are busy)
srun: Job 12841501 step creation still disabled, retrying (Requested nodes are busy)
srun: Job 12841501 step creation still disabled, retrying (Requested nodes are busy)
srun: Job 12841501 step creation still disabled, retrying (Requested nodes are busy)
srun: Job 12841501 step creation still disabled, retrying (Requested nodes are busy)
srun: Job 12841501 step creation still disabled, retrying (Requested nodes are busy)
srun: Job 12841501 step creation still disabled, retrying (Requested nodes are busy)
srun: Job 12841501 step creation still disabled, retrying (Requested nodes are busy)
srun: Job 12841501 step creation still disabled, retrying (Requested nodes are busy)
srun: Job 12841501 step creation still disabled, retrying (Requested nodes are busy)
srun: Job 12841501 step creation still disabled, retrying (Requested nodes are busy)
srun: Job 12841501 step creation still disabled, retrying (Requested nodes are busy)
srun: Job 12841501 step creation still disabled, retrying (Requested nodes are busy)
srun: Job 12841501 step creation still disabled, retrying (Requested nodes are busy)
srun: Job 12841501 step creation still disabled, retrying (Requested nodes are busy)
srun: Job 12841501 step creation still disabled, retrying (Requested nodes are busy)
srun: Job 12841501 step creation still disabled, retrying (Requested nodes are busy)
srun: Job 12841501 step creation still disabled, retrying (Requested nodes are busy)
srun: Job 12841501 step creation still disabled, retrying (Requested nodes are busy)
srun: Job 12841501 step creation still disabled, retrying (Requested nodes are busy)
srun: Job 12841501 step creation still disabled, retrying (Requested nodes are busy)
srun: Job 12841501 step creation still disabled, retrying (Requested nodes are busy)
srun: Job 12841501 step creation still disabled, retrying (Requested nodes are busy)
srun: Job 12841501 step creation still disabled, retrying (Requested nodes are busy)
srun: Job 12841501 step creation still disabled, retrying (Requested nodes are busy)
srun: Job 12841501 step creation still disabled, retrying (Requested nodes are busy)
srun: Job 12841501 step creation still disabled, retrying (Requested nodes are busy)
srun: Job 12841501 step creation still disabled, retrying (Requested nodes are busy)
srun: Job 12841501 step creation still disabled, retrying (Requested nodes are busy)
srun: Job 12841501 step creation still disabled, retrying (Requested nodes are busy)
srun: Job 12841501 step creation still disabled, retrying (Requested nodes are busy)
srun: Job 12841501 step creation still disabled, retrying (Requested nodes are busy)
srun: Job 12841501 step creation still disabled, retrying (Requested nodes are busy)
srun: Job 12841501 step creation still disabled, retrying (Requested nodes are busy)
srun: Job 12841501 step creation still disabled, retrying (Requested nodes are busy)
srun: Job 12841501 step creation still disabled, retrying (Requested nodes are busy)
srun: Job 12841501 step creation still disabled, retrying (Requested nodes are busy)
srun: Job 12841501 step creation still disabled, retrying (Requested nodes are busy)
srun: Job 12841501 step creation still disabled, retrying (Requested nodes are busy)
srun: Job 12841501 step creation still disabled, retrying (Requested nodes are busy)
srun: Job 12841501 step creation still disabled, retrying (Requested nodes are busy)
srun: Job 12841501 step creation still disabled, retrying (Requested nodes are busy)
srun: Job 12841501 step creation still disabled, retrying (Requested nodes are busy)
srun: Job 12841501 step creation still disabled, retrying (Requested nodes are busy)
srun: Job 12841501 step creation still disabled, retrying (Requested nodes are busy)
srun: Job 12841501 step creation still disabled, retrying (Requested nodes are busy)
srun: Job 12841501 step creation still disabled, retrying (Requested nodes are busy)
srun: Job 12841501 step creation still disabled, retrying (Requested nodes are busy)
srun: Job 12841501 step creation still disabled, retrying (Requested nodes are busy)
srun: Job 12841501 step creation still disabled, retrying (Requested nodes are busy)
srun: Job 12841501 step creation still disabled, retrying (Requested nodes are busy)
srun: Job 12841501 step creation still disabled, retrying (Requested nodes are busy)
srun: Job 12841501 step creation still disabled, retrying (Requested nodes are busy)
srun: Job 12841501 step creation still disabled, retrying (Requested nodes are busy)
srun: Job 12841501 step creation still disabled, retrying (Requested nodes are busy)
srun: Job 12841501 step creation still disabled, retrying (Requested nodes are busy)
srun: Job 12841501 step creation still disabled, retrying (Requested nodes are busy)
srun: Job 12841501 step creation still disabled, retrying (Requested nodes are busy)
srun: Job 12841501 step creation still disabled, retrying (Requested nodes are busy)
srun: Job 12841501 step creation still disabled, retrying (Requested nodes are busy)
srun: Job 12841501 step creation still disabled, retrying (Requested nodes are busy)
srun: Job 12841501 step creation still disabled, retrying (Requested nodes are busy)
srun: Job 12841501 step creation still disabled, retrying (Requested nodes are busy)
srun: Job 12841501 step creation still disabled, retrying (Requested nodes are busy)
srun: Job 12841501 step creation still disabled, retrying (Requested nodes are busy)
srun: Job 12841501 step creation still disabled, retrying (Requested nodes are busy)
srun: Job 12841501 step creation still disabled, retrying (Requested nodes are busy)
srun: Job 12841501 step creation still disabled, retrying (Requested nodes are busy)
srun: Job 12841501 step creation still disabled, retrying (Requested nodes are busy)
srun: Job 12841501 step creation still disabled, retrying (Requested nodes are busy)
srun: Job 12841501 step creation still disabled, retrying (Requested nodes are busy)
srun: Job 12841501 step creation still disabled, retrying (Requested nodes are busy)
srun: Job 12841501 step creation still disabled, retrying (Requested nodes are busy)
srun: Job 12841501 step creation still disabled, retrying (Requested nodes are busy)
srun: Job 12841501 step creation still disabled, retrying (Requested nodes are busy)
srun: Job 12841501 step creation still disabled, retrying (Requested nodes are busy)
srun: Job 12841501 step creation still disabled, retrying (Requested nodes are busy)
srun: Job 12841501 step creation still disabled, retrying (Requested nodes are busy)
srun: Job 12841501 step creation still disabled, retrying (Requested nodes are busy)
srun: Job 12841501 step creation still disabled, retrying (Requested nodes are busy)
srun: Job 12841501 step creation still disabled, retrying (Requested nodes are busy)
srun: Job 12841501 step creation still disabled, retrying (Requested nodes are busy)
srun: Job 12841501 step creation still disabled, retrying (Requested nodes are busy)
srun: Job 12841501 step creation still disabled, retrying (Requested nodes are busy)
srun: Job 12841501 step creation still disabled, retrying (Requested nodes are busy)
srun: Job 12841501 step creation still disabled, retrying (Requested nodes are busy)
srun: Job 12841501 step creation still disabled, retrying (Requested nodes are busy)
srun: Job 12841501 step creation still disabled, retrying (Requested nodes are busy)
srun: Job 12841501 step creation still disabled, retrying (Requested nodes are busy)
srun: Job 12841501 step creation still disabled, retrying (Requested nodes are busy)
srun: Job 12841501 step creation still disabled, retrying (Requested nodes are busy)
srun: Job 12841501 step creation still disabled, retrying (Requested nodes are busy)
srun: Job 12841501 step creation still disabled, retrying (Requested nodes are busy)
srun: Job 12841501 step creation still disabled, retrying (Requested nodes are busy)
srun: Job 12841501 step creation still disabled, retrying (Requested nodes are busy)
srun: Job 12841501 step creation still disabled, retrying (Requested nodes are busy)
srun: Job 12841501 step creation still disabled, retrying (Requested nodes are busy)
srun: Job 12841501 step creation still disabled, retrying (Requested nodes are busy)
srun: Job 12841501 step creation still disabled, retrying (Requested nodes are busy)
srun: Job 12841501 step creation still disabled, retrying (Requested nodes are busy)
srun: Job 12841501 step creation still disabled, retrying (Requested nodes are busy)
srun: Job 12841501 step creation still disabled, retrying (Requested nodes are busy)
srun: Job 12841501 step creation still disabled, retrying (Requested nodes are busy)
srun: Job 12841501 step creation still disabled, retrying (Requested nodes are busy)
srun: Job 12841501 step creation still disabled, retrying (Requested nodes are busy)
srun: Job 12841501 step creation still disabled, retrying (Requested nodes are busy)
srun: Job 12841501 step creation still disabled, retrying (Requested nodes are busy)
srun: Job 12841501 step creation still disabled, retrying (Requested nodes are busy)
srun: Job 12841501 step creation still disabled, retrying (Requested nodes are busy)
srun: Job 12841501 step creation still disabled, retrying (Requested nodes are busy)
srun: Job 12841501 step creation still disabled, retrying (Requested nodes are busy)
srun: Job 12841501 step creation still disabled, retrying (Requested nodes are busy)
srun: Job 12841501 step creation still disabled, retrying (Requested nodes are busy)
srun: Job 12841501 step creation still disabled, retrying (Requested nodes are busy)
srun: Job 12841501 step creation still disabled, retrying (Requested nodes are busy)
srun: Job 12841501 step creation still disabled, retrying (Requested nodes are busy)
srun: Job 12841501 step creation still disabled, retrying (Requested nodes are busy)
srun: Job 12841501 step creation still disabled, retrying (Requested nodes are busy)
srun: Job 12841501 step creation still disabled, retrying (Requested nodes are busy)
srun: Job 12841501 step creation still disabled, retrying (Requested nodes are busy)
srun: Job 12841501 step creation still disabled, retrying (Requested nodes are busy)
srun: Job 12841501 step creation still disabled, retrying (Requested nodes are busy)
srun: Job 12841501 step creation still disabled, retrying (Requested nodes are busy)
srun: Job 12841501 step creation still disabled, retrying (Requested nodes are busy)
srun: Job 12841501 step creation still disabled, retrying (Requested nodes are busy)
srun: Job 12841501 step creation still disabled, retrying (Requested nodes are busy)
srun: Job 12841501 step creation still disabled, retrying (Requested nodes are busy)
srun: Job 12841501 step creation still disabled, retrying (Requested nodes are busy)
srun: Job 12841501 step creation still disabled, retrying (Requested nodes are busy)
srun: Job 12841501 step creation still disabled, retrying (Requested nodes are busy)
srun: Job 12841501 step creation still disabled, retrying (Requested nodes are busy)
srun: Job 12841501 step creation still disabled, retrying (Requested nodes are busy)
srun: Job 12841501 step creation still disabled, retrying (Requested nodes are busy)
srun: Job 12841501 step creation still disabled, retrying (Requested nodes are busy)
srun: Job 12841501 step creation still disabled, retrying (Requested nodes are busy)
srun: Job 12841501 step creation still disabled, retrying (Requested nodes are busy)
srun: Job 12841501 step creation still disabled, retrying (Requested nodes are busy)
srun: Job 12841501 step creation still disabled, retrying (Requested nodes are busy)
srun: Job 12841501 step creation still disabled, retrying (Requested nodes are busy)
srun: Job 12841501 step creation still disabled, retrying (Requested nodes are busy)
srun: Job 12841501 step creation still disabled, retrying (Requested nodes are busy)
srun: Job 12841501 step creation still disabled, retrying (Requested nodes are busy)
srun: Job 12841501 step creation still disabled, retrying (Requested nodes are busy)
srun: Job 12841501 step creation still disabled, retrying (Requested nodes are busy)
srun: Job 12841501 step creation still disabled, retrying (Requested nodes are busy)
srun: Job 12841501 step creation still disabled, retrying (Requested nodes are busy)
srun: Job 12841501 step creation still disabled, retrying (Requested nodes are busy)
srun: Job 12841501 step creation still disabled, retrying (Requested nodes are busy)
srun: Job 12841501 step creation still disabled, retrying (Requested nodes are busy)
srun: Job 12841501 step creation still disabled, retrying (Requested nodes are busy)
srun: Job 12841501 step creation still disabled, retrying (Requested nodes are busy)
srun: Job 12841501 step creation still disabled, retrying (Requested nodes are busy)
srun: Job 12841501 step creation still disabled, retrying (Requested nodes are busy)
srun: Job 12841501 step creation still disabled, retrying (Requested nodes are busy)
srun: Job 12841501 step creation still disabled, retrying (Requested nodes are busy)
srun: Job 12841501 step creation still disabled, retrying (Requested nodes are busy)
srun: Job 12841501 step creation still disabled, retrying (Requested nodes are busy)
srun: Job 12841501 step creation still disabled, retrying (Requested nodes are busy)
srun: Job 12841501 step creation still disabled, retrying (Requested nodes are busy)
srun: Job 12841501 step creation still disabled, retrying (Requested nodes are busy)
srun: Job 12841501 step creation still disabled, retrying (Requested nodes are busy)
srun: Job 12841501 step creation still disabled, retrying (Requested nodes are busy)
srun: Job 12841501 step creation still disabled, retrying (Requested nodes are busy)
srun: Job 12841501 step creation still disabled, retrying (Requested nodes are busy)
srun: Job 12841501 step creation still disabled, retrying (Requested nodes are busy)
srun: Job 12841501 step creation still disabled, retrying (Requested nodes are busy)
srun: Job 12841501 step creation still disabled, retrying (Requested nodes are busy)
srun: Job 12841501 step creation still disabled, retrying (Requested nodes are busy)
srun: Job 12841501 step creation still disabled, retrying (Requested nodes are busy)
srun: Job 12841501 step creation still disabled, retrying (Requested nodes are busy)
srun: Job 12841501 step creation still disabled, retrying (Requested nodes are busy)
srun: Job 12841501 step creation still disabled, retrying (Requested nodes are busy)
srun: Job 12841501 step creation still disabled, retrying (Requested nodes are busy)
srun: Job 12841501 step creation still disabled, retrying (Requested nodes are busy)
srun: Job 12841501 step creation still disabled, retrying (Requested nodes are busy)
srun: Job 12841501 step creation still disabled, retrying (Requested nodes are busy)
srun: Job 12841501 step creation still disabled, retrying (Requested nodes are busy)
srun: Job 12841501 step creation still disabled, retrying (Requested nodes are busy)
srun: Job 12841501 step creation still disabled, retrying (Requested nodes are busy)
srun: Job 12841501 step creation still disabled, retrying (Requested nodes are busy)
srun: Job 12841501 step creation still disabled, retrying (Requested nodes are busy)
srun: Job 12841501 step creation still disabled, retrying (Requested nodes are busy)
srun: Job 12841501 step creation still disabled, retrying (Requested nodes are busy)
srun: Job 12841501 step creation still disabled, retrying (Requested nodes are busy)
srun: Job 12841501 step creation still disabled, retrying (Requested nodes are busy)
srun: Job 12841501 step creation still disabled, retrying (Requested nodes are busy)
srun: Job 12841501 step creation still disabled, retrying (Requested nodes are busy)
srun: Job 12841501 step creation still disabled, retrying (Requested nodes are busy)
srun: Job 12841501 step creation still disabled, retrying (Requested nodes are busy)
srun: Job 12841501 step creation still disabled, retrying (Requested nodes are busy)
srun: Job 12841501 step creation still disabled, retrying (Requested nodes are busy)
srun: Job 12841501 step creation still disabled, retrying (Requested nodes are busy)
srun: Job 12841501 step creation still disabled, retrying (Requested nodes are busy)
srun: Job 12841501 step creation still disabled, retrying (Requested nodes are busy)
slurmstepd: error: *** JOB 12841501 ON eu-g3-062 CANCELLED AT 2024-10-26T00:38:56 ***
srun: error: Unable to create step for job 12841501: Job/step already completing or completed
